<?xml version="1.0" encoding="UTF-8"?>
<testsuite time="102.543" failures="0" tests="1" name="tests" >
  <testcase time="102.503" classname="tests" name="RechercherBilletTest.ta" />
</testsuite>