<?xml version="1.0" encoding="UTF-8"?>
<testsuite time="31.212" failures="0" tests="1" name="tests" >
  <testcase time="31.18" classname="tests" name="RechercherBilletTest.ta" />
</testsuite>