<?xml version="1.0" encoding="UTF-8"?>
<testsuite time="63.935" failures="0" tests="1" name="tests" >
  <testcase time="63.877" classname="tests" name="RechercherBilletTest.ta" />
</testsuite>