<?xml version="1.0" encoding="UTF-8"?>
<testsuite time="27.433" failures="0" tests="1" name="tests" >
  <testcase time="27.347" classname="tests" name="02.PageFactoryTest.ta" />
</testsuite>