<?xml version="1.0" encoding="UTF-8"?>
<testsuite time="47.577" failures="0" tests="1" name="tests" >
  <testcase time="47.542" classname="tests" name="PetStoreSeleniumTest.ta" />
</testsuite>