<?xml version="1.0" encoding="UTF-8"?>
<testsuite time="13.033" failures="0" tests="1" name="tests" >
  <testcase time="12.989" classname="tests" name="RechercherBilletTest.ta" />
</testsuite>