<?xml version="1.0" encoding="UTF-8"?>
<testsuite time="30.33" failures="0" tests="1" name="tests" >
  <testcase time="27.48" classname="tests" name="test.ta" />
</testsuite>