<?xml version="1.0" encoding="UTF-8"?>
<testsuite time="30.092" failures="0" tests="1" name="tests" >
  <testcase time="30.053" classname="tests" name="RechercherBilletTest.ta" />
</testsuite>