<?xml version="1.0" encoding="UTF-8"?>
<testsuite time="15.675" failures="0" tests="1" name="tests" >
  <testcase time="15.634" classname="tests" name="RechercherBilletTest.ta" />
</testsuite>