<?xml version="1.0" encoding="UTF-8"?>
<testsuite time="18.395" failures="0" tests="1" name="tests" >
  <testcase time="18.338" classname="tests" name="RechercherBilletTest.ta" />
</testsuite>